<?xml version="1.0" encoding="UTF-8"?>
<!-- Generated by org.testng.reporters.JUnitReportReporter -->
<testsuite hostname="harsharg-PC" name="Amazon.SampleTest" tests="1" failures="0" timestamp="27 Sep 2014 14:23:02 GMT" time="0.028" errors="0">
  <testcase name="Tester" time="0.028" classname="Amazon.SampleTest"/>
</testsuite> <!-- Amazon.SampleTest -->
