<?xml version="1.0" encoding="UTF-8"?>
<!-- Generated by org.testng.reporters.JUnitReportReporter -->
<testsuite hostname="harsharg-PC" name="Amazon.TestNGExample" tests="2" failures="0" timestamp="21 Sep 2014 05:58:11 GMT" time="0.012" errors="0">
  <testcase name="testCase1" time="0.011" classname="Amazon.TestNGExample"/>
  <testcase name="testCase2" time="0.001" classname="Amazon.TestNGExample"/>
</testsuite> <!-- Amazon.TestNGExample -->
