<?xml version="1.0" encoding="UTF-8"?>
<!-- Generated by org.testng.reporters.JUnitReportReporter -->
<testsuite hostname="harsharg-PC" name="Amazon.SampleTestNG" tests="2" failures="0" timestamp="21 Sep 2014 08:15:48 GMT" time="0.031" errors="0">
  <testcase name="testCase2" time="0.004" classname="Amazon.SampleTestNG"/>
  <testcase name="testCase1" time="0.027" classname="Amazon.SampleTestNG"/>
</testsuite> <!-- Amazon.SampleTestNG -->
